# JRE version: Java(TM) SE Runtime Environment (8.0_51-b16) (build 1.8.0_51-b16)
# Java VM: Java HotSpot(TM) 64-Bit Server VM (25.51-b03 mixed mode windows-amd64 compressed oops)
Heap:
 PSYoungGen      total 486400K, used 327354K [0x00000000d5580000, 0x00000000f5580000, 0x0000000100000000)
  eden space 449536K, 67% used [0x00000000d5580000,0x00000000e7e5e358,0x00000000f0c80000)
  from space 36864K, 63% used [0x00000000f3180000,0x00000000f48505f8,0x00000000f5580000)
  to   space 37376K, 0% used [0x00000000f0c80000,0x00000000f0c80000,0x00000000f3100000)
 ParOldGen       total 173056K, used 102293K [0x0000000080000000, 0x000000008a900000, 0x00000000d5580000)
  object space 173056K, 59% used [0x0000000080000000,0x00000000863e5670,0x000000008a900000)
 Metaspace       used 90834K, capacity 94964K, committed 95232K, reserved 1130496K
  class space    used 12404K, capacity 13191K, committed 13312K, reserved 1048576K
GC Heap History (10 events):
Event: 111.182 GC heap before
{Heap before GC invocations=33 (full 4):
 PSYoungGen      total 486400K, used 465380K [0x00000000d5580000, 0x00000000f5580000, 0x0000000100000000)
  eden space 449536K, 100% used [0x00000000d5580000,0x00000000f0c80000,0x00000000f0c80000)
  from space 36864K, 42% used [0x00000000f3180000,0x00000000f40f92a0,0x00000000f5580000)
  to   space 37376K, 0% used [0x00000000f0c80000,0x00000000f0c80000,0x00000000f3100000)
 ParOldGen       total 146432K, used 116235K [0x0000000080000000, 0x0000000088f00000, 0x00000000d5580000)
  object space 146432K, 79% used [0x0000000080000000,0x0000000087182d38,0x0000000088f00000)
 Metaspace       used 90719K, capacity 94814K, committed 95232K, reserved 1130496K
  class space    used 12402K, capacity 13190K, committed 13312K, reserved 1048576K
Event: 111.228 GC heap after
Heap after GC invocations=33 (full 4):
 PSYoungGen      total 486912K, used 5502K [0x00000000d5580000, 0x00000000f5580000, 0x0000000100000000)
  eden space 449536K, 0% used [0x00000000d5580000,0x00000000d5580000,0x00000000f0c80000)
  from space 37376K, 14% used [0x00000000f0c80000,0x00000000f11dfbc8,0x00000000f3100000)
  to   space 36864K, 0% used [0x00000000f3180000,0x00000000f3180000,0x00000000f5580000)
 ParOldGen       total 146432K, used 125379K [0x0000000080000000, 0x0000000088f00000, 0x00000000d5580000)
  object space 146432K, 85% used [0x0000000080000000,0x0000000087a70e60,0x0000000088f00000)
 Metaspace       used 90719K, capacity 94814K, committed 95232K, reserved 1130496K
  class space    used 12402K, capacity 13190K, committed 13312K, reserved 1048576K
}
Event: 113.112 GC heap before
{Heap before GC invocations=34 (full 4):
 PSYoungGen      total 486912K, used 455038K [0x00000000d5580000, 0x00000000f5580000, 0x0000000100000000)
  eden space 449536K, 100% used [0x00000000d5580000,0x00000000f0c80000,0x00000000f0c80000)
  from space 37376K, 14% used [0x00000000f0c80000,0x00000000f11dfbc8,0x00000000f3100000)
  to   space 36864K, 0% used [0x00000000f3180000,0x00000000f3180000,0x00000000f5580000)
 ParOldGen       total 146432K, used 125379K [0x0000000080000000, 0x0000000088f00000, 0x00000000d5580000)
  object space 146432K, 85% used [0x0000000080000000,0x0000000087a70e60,0x0000000088f00000)
 Metaspace       used 90766K, capacity 94956K, committed 95232K, reserved 1130496K
  class space    used 12403K, capacity 13191K, committed 13312K, reserved 1048576K
Event: 113.153 GC heap after
Heap after GC invocations=34 (full 4):
 PSYoungGen      total 486400K, used 13556K [0x00000000d5580000, 0x00000000f5580000, 0x0000000100000000)
  eden space 449536K, 0% used [0x00000000d5580000,0x00000000d5580000,0x00000000f0c80000)
  from space 36864K, 36% used [0x00000000f3180000,0x00000000f3ebd0f0,0x00000000f5580000)
  to   space 37376K, 0% used [0x00000000f0c80000,0x00000000f0c80000,0x00000000f3100000)
 ParOldGen       total 146432K, used 129237K [0x0000000080000000, 0x0000000088f00000, 0x00000000d5580000)
  object space 146432K, 88% used [0x0000000080000000,0x0000000087e355a8,0x0000000088f00000)
 Metaspace       used 90766K, capacity 94956K, committed 95232K, reserved 1130496K
  class space    used 12403K, capacity 13191K, committed 13312K, reserved 1048576K
}
Event: 113.153 GC heap before
{Heap before GC invocations=35 (full 5):
 PSYoungGen      total 486400K, used 13556K [0x00000000d5580000, 0x00000000f5580000, 0x0000000100000000)
  eden space 449536K, 0% used [0x00000000d5580000,0x00000000d5580000,0x00000000f0c80000)
  from space 36864K, 36% used [0x00000000f3180000,0x00000000f3ebd0f0,0x00000000f5580000)
  to   space 37376K, 0% used [0x00000000f0c80000,0x00000000f0c80000,0x00000000f3100000)
 ParOldGen       total 146432K, used 129237K [0x0000000080000000, 0x0000000088f00000, 0x00000000d5580000)
  object space 146432K, 88% used [0x0000000080000000,0x0000000087e355a8,0x0000000088f00000)
 Metaspace       used 90766K, capacity 94956K, committed 95232K, reserved 1130496K
  class space    used 12403K, capacity 13191K, committed 13312K, reserved 1048576K
Event: 113.590 GC heap after
Heap after GC invocations=35 (full 5):
 PSYoungGen      total 486400K, used 0K [0x00000000d5580000, 0x00000000f5580000, 0x0000000100000000)
  eden space 449536K, 0% used [0x00000000d5580000,0x00000000d5580000,0x00000000f0c80000)
  from space 36864K, 0% used [0x00000000f3180000,0x00000000f3180000,0x00000000f5580000)
  to   space 37376K, 0% used [0x00000000f0c80000,0x00000000f0c80000,0x00000000f3100000)
 ParOldGen       total 173056K, used 87636K [0x0000000080000000, 0x000000008a900000, 0x00000000d5580000)
  object space 173056K, 50% used [0x0000000080000000,0x0000000085595260,0x000000008a900000)
 Metaspace       used 90764K, capacity 94950K, committed 95232K, reserved 1130496K
  class space    used 12402K, capacity 13190K, committed 13312K, reserved 1048576K
}
Event: 115.491 GC heap before
{Heap before GC invocations=36 (full 5):
 PSYoungGen      total 486400K, used 449536K [0x00000000d5580000, 0x00000000f5580000, 0x0000000100000000)
  eden space 449536K, 100% used [0x00000000d5580000,0x00000000f0c80000,0x00000000f0c80000)
  from space 36864K, 0% used [0x00000000f3180000,0x00000000f3180000,0x00000000f5580000)
  to   space 37376K, 0% used [0x00000000f0c80000,0x00000000f0c80000,0x00000000f3100000)
 ParOldGen       total 173056K, used 87636K [0x0000000080000000, 0x000000008a900000, 0x00000000d5580000)
  object space 173056K, 50% used [0x0000000080000000,0x0000000085595260,0x000000008a900000)
 Metaspace       used 90805K, capacity 94958K, committed 95232K, reserved 1130496K
  class space    used 12402K, capacity 13190K, committed 13312K, reserved 1048576K
Event: 115.555 GC heap after
Heap after GC invocations=36 (full 5):
 PSYoungGen      total 486912K, used 24297K [0x00000000d5580000, 0x00000000f5580000, 0x0000000100000000)
  eden space 449536K, 0% used [0x00000000d5580000,0x00000000d5580000,0x00000000f0c80000)
  from space 37376K, 65% used [0x00000000f0c80000,0x00000000f243a6a0,0x00000000f3100000)
  to   space 36864K, 0% used [0x00000000f3180000,0x00000000f3180000,0x00000000f5580000)
 ParOldGen       total 173056K, used 87644K [0x0000000080000000, 0x000000008a900000, 0x00000000d5580000)
  object space 173056K, 50% used [0x0000000080000000,0x0000000085597260,0x000000008a900000)
 Metaspace       used 90805K, capacity 94958K, committed 95232K, reserved 1130496K
  class space    used 12402K, capacity 13190K, committed 13312K, reserved 1048576K
}
Event: 117.216 GC heap before
{Heap before GC invocations=37 (full 5):
 PSYoungGen      total 486912K, used 473833K [0x00000000d5580000, 0x00000000f5580000, 0x0000000100000000)
  eden space 449536K, 100% used [0x00000000d5580000,0x00000000f0c80000,0x00000000f0c80000)
  from space 37376K, 65% used [0x00000000f0c80000,0x00000000f243a6a0,0x00000000f3100000)
  to   space 36864K, 0% used [0x00000000f3180000,0x00000000f3180000,0x00000000f5580000)
 ParOldGen       total 173056K, used 87644K [0x0000000080000000, 0x000000008a900000, 0x00000000d5580000)
  object space 173056K, 50% used [0x0000000080000000,0x0000000085597260,0x000000008a900000)
 Metaspace       used 90829K, capacity 94958K, committed 95232K, reserved 1130496K
  class space    used 12403K, capacity 13190K, committed 13312K, reserved 1048576K
Event: 117.309 GC heap after
Heap after GC invocations=37 (full 5):
 PSYoungGen      total 486400K, used 23361K [0x00000000d5580000, 0x00000000f5580000, 0x0000000100000000)
  eden space 449536K, 0% used [0x00000000d5580000,0x00000000d5580000,0x00000000f0c80000)
  from space 36864K, 63% used [0x00000000f3180000,0x00000000f48505f8,0x00000000f5580000)
  to   space 37376K, 0% used [0x00000000f0c80000,0x00000000f0c80000,0x00000000f3100000)
 ParOldGen       total 173056K, used 102293K [0x0000000080000000, 0x000000008a900000, 0x00000000d5580000)
  object space 173056K, 59% used [0x0000000080000000,0x00000000863e5670,0x000000008a900000)
 Metaspace       used 90829K, capacity 94958K, committed 95232K, reserved 1130496K
  class space    used 12403K, capacity 13190K, committed 13312K, reserved 1048576K
}

